<?xml version="1.0" encoding="UTF-8"?>
<!-- Generated by org.testng.reporters.JUnitReportReporter -->
<testsuite skipped="0" hostname="DESKTOP-VUBNO9V" name="RestAssuredTesting.RestAssuredTesting.get_RequestTest" tests="1" failures="0" timestamp="11 Nov 2020 17:07:54 GMT" time="2.276" errors="0">
  <testcase name="getUserDetails" time="2.276" classname="RestAssuredTesting.RestAssuredTesting.get_RequestTest"/>
</testsuite> <!-- RestAssuredTesting.RestAssuredTesting.get_RequestTest -->
