<?xml version="1.0" encoding="UTF-8"?>
<!-- Generated by org.testng.reporters.JUnitReportReporter -->
<testsuite skipped="0" hostname="DESKTOP-VUBNO9V" name="RestAssuredTesting.RestAssuredTesting.delete_Request" tests="1" failures="0" timestamp="11 Nov 2020 18:23:56 GMT" time="1.166" errors="0">
  <testcase name="deleteUser" time="1.166" classname="RestAssuredTesting.RestAssuredTesting.delete_Request"/>
</testsuite> <!-- RestAssuredTesting.RestAssuredTesting.delete_Request -->
