<?xml version="1.0" encoding="UTF-8"?>
<!-- Generated by org.testng.reporters.JUnitReportReporter -->
<testsuite skipped="0" hostname="DESKTOP-VUBNO9V" name="RestAssuredTesting.RestAssuredTesting.put_Request" tests="2" failures="0" timestamp="11 Nov 2020 18:23:56 GMT" time="1.014" errors="0">
  <testcase name="testPatch2" time="0.492" classname="RestAssuredTesting.RestAssuredTesting.put_Request"/>
  <testcase name="testPatch" time="0.522" classname="RestAssuredTesting.RestAssuredTesting.put_Request"/>
</testsuite> <!-- RestAssuredTesting.RestAssuredTesting.put_Request -->
