<?xml version="1.0" encoding="UTF-8"?>
<!-- Generated by org.testng.reporters.JUnitReportReporter -->
<testsuite skipped="0" hostname="DESKTOP-VUBNO9V" name="RestAssuredTesting.RestAssuredTesting.post_RequestTest" tests="1" failures="0" timestamp="11 Nov 2020 17:07:54 GMT" time="1.532" errors="0">
  <testcase name="postUserDetails" time="1.532" classname="RestAssuredTesting.RestAssuredTesting.post_RequestTest"/>
</testsuite> <!-- RestAssuredTesting.RestAssuredTesting.post_RequestTest -->
