<?xml version="1.0" encoding="UTF-8"?>
<!-- Generated by org.testng.reporters.JUnitReportReporter -->
<testsuite skipped="0" hostname="DESKTOP-VUBNO9V" name="RestAssuredTesting.RestAssuredTesting.get_Requestv2" tests="1" failures="0" timestamp="11 Nov 2020 18:23:56 GMT" time="0.522" errors="0">
  <testcase name="getUserDetails" time="0.522" classname="RestAssuredTesting.RestAssuredTesting.get_Requestv2"/>
</testsuite> <!-- RestAssuredTesting.RestAssuredTesting.get_Requestv2 -->
